{
  "RSpec": {
    "coverage": {
      "/Users/user/Documents/Projects/week_2_challenges/oystercard3/spec/journey_spec.rb": [
        1,
        1,
        null,
        1,
        6,
        1,
        3,
        3,
        null,
        1,
        1,
        1,
        null,
        null,
        1,
        1,
        null,
        null,
        null,
        1,
        1,
        1,
        1,
        1,
        null,
        null,
        null,
        1,
        1,
        1,
        1,
        1,
        null,
        null,
        null,
        1,
        1,
        1,
        1,
        1,
        null,
        null,
        null,
        null
      ],
      "/Users/user/Documents/Projects/week_2_challenges/oystercard3/lib/journey.rb": [
        1,
        1,
        null,
        1,
        7,
        7,
        7,
        null,
        null,
        1,
        4,
        4,
        4,
        null,
        null,
        1,
        2,
        null,
        null,
        1,
        2,
        null,
        null
      ],
      "/Users/user/Documents/Projects/week_2_challenges/oystercard3/lib/oystercard.rb": [
        1,
        1,
        null,
        null,
        1,
        1,
        1,
        1,
        1,
        null,
        1,
        9,
        null,
        null,
        1,
        2,
        1,
        null,
        null,
        1,
        1,
        null,
        null,
        1,
        3,
        2,
        2,
        null,
        null,
        1,
        1,
        0,
        null,
        1,
        1,
        null,
        null,
        1,
        2,
        null,
        null,
        1,
        1,
        null,
        null,
        1,
        null,
        1,
        2,
        null,
        null,
        1,
        3,
        null,
        null,
        null,
        null,
        1,
        1,
        1,
        1,
        1
      ],
      "/Users/user/Documents/Projects/week_2_challenges/oystercard3/lib/station.rb": [
        1,
        null,
        1,
        null,
        1,
        4,
        4,
        null,
        null,
        null
      ],
      "/Users/user/Documents/Projects/week_2_challenges/oystercard3/spec/oystercard_spec.rb": [
        1,
        1,
        null,
        1,
        null,
        5,
        3,
        1,
        1,
        null,
        1,
        1,
        1,
        null,
        null,
        null,
        1,
        1,
        1,
        null,
        null,
        1,
        2,
        null,
        null,
        null,
        1,
        1,
        1,
        null,
        null,
        null,
        1,
        null,
        1,
        1,
        null,
        null,
        1,
        2,
        null,
        null,
        null,
        1,
        1,
        1,
        null,
        null,
        1,
        1,
        1,
        0,
        null,
        null,
        null
      ],
      "/Users/user/Documents/Projects/week_2_challenges/oystercard3/spec/station_spec.rb": [
        1,
        null,
        1,
        null,
        3,
        null,
        1,
        1,
        1,
        null,
        1,
        1,
        null,
        null,
        null,
        null
      ]
    },
    "timestamp": 1497611992
  }
}
